<?xml version="1.0" encoding="UTF-8"?>
<!-- Generated by org.testng.reporters.JUnitReportReporter -->
<testsuite hostname="SAMPUSATHYA" failures="0" tests="1" name="com.zoopla.qa.test.Pages" time="28.352" errors="0" timestamp="17 May 2021 13:24:15 GMT" skipped="0">
  <testcase classname="com.zoopla.qa.test.Pages" name="inputLocationAndClickSubmit" time="28.352"/>
</testsuite> <!-- com.zoopla.qa.test.Pages -->
